#
# There is insufficient memory for the Java Runtime Environment to continue.
# Native memory allocation (malloc) failed to allocate 56623104 bytes for committing reserved memory.
# Possible reasons:
#   The system is out of physical RAM or swap space
#   In 32 bit mode, the process size limit was hit
# Possible solutions:
#   Reduce memory load on the system
#   Increase physical memory or swap space
#   Check if swap backing store is full
#   Use 64 bit Java on a 64 bit OS
#   Decrease Java heap size (-Xmx/-Xms)
#   Decrease number of Java threads
#   Decrease Java thread stack sizes (-Xss)
#   Set larger code cache with -XX:ReservedCodeCacheSize=
# This output file may be truncated or incomplete.
#
#  Out of Memory Error (os_linux.cpp:2756), pid=14783, tid=140476239406848
#
# JRE version: Java(TM) SE Runtime Environment (7.0_75-b13) (build 1.7.0_75-b13)
# Java VM: Java HotSpot(TM) 64-Bit Server VM (24.75-b04 mixed mode linux-amd64 compressed oops)
# Failed to write core dump. Core dumps have been disabled. To enable core dumping, try "ulimit -c unlimited" before starting Java again
#

---------------  T H R E A D  ---------------

Current thread (0x00007fc32806a000):  VMThread [stack: 0x00007fc32c496000,0x00007fc32c597000] [id=14792]

Stack: [0x00007fc32c496000,0x00007fc32c597000],  sp=0x00007fc32c595220,  free space=1020k
Native frames: (J=compiled Java code, j=interpreted, Vv=VM code, C=native code)
V  [libjvm.so+0x9a18da]  VMError::report_and_die()+0x2ea
V  [libjvm.so+0x4975ab]  report_vm_out_of_memory(char const*, int, unsigned long, char const*)+0x9b
V  [libjvm.so+0x81ebae]  os::Linux::commit_memory_impl(char*, unsigned long, bool)+0xfe
V  [libjvm.so+0x81f0f9]  os::pd_commit_memory(char*, unsigned long, unsigned long, bool)+0x29
V  [libjvm.so+0x818e8a]  os::commit_memory(char*, unsigned long, unsigned long, bool)+0x2a
V  [libjvm.so+0x88bfb3]  PSVirtualSpace::expand_by(unsigned long)+0x53
V  [libjvm.so+0x87b430]  PSOldGen::expand(unsigned long)+0x170
V  [libjvm.so+0x87b63b]  PSOldGen::resize(unsigned long)+0x1cb
V  [libjvm.so+0x884301]  PSParallelCompact::invoke_no_policy(bool)+0x9b1
V  [libjvm.so+0x88a25d]  PSScavenge::invoke()+0x1ad
V  [libjvm.so+0x840a90]  ParallelScavengeHeap::failed_mem_allocate(unsigned long)+0x70
V  [libjvm.so+0x9a3167]  VM_ParallelGCFailedAllocation::doit()+0x97
V  [libjvm.so+0x9aa605]  VM_Operation::evaluate()+0x55
V  [libjvm.so+0x9a89ca]  VMThread::evaluate_operation(VM_Operation*)+0xba
V  [libjvm.so+0x9a8d4e]  VMThread::loop()+0x1ce
V  [libjvm.so+0x9a91c0]  VMThread::run()+0x70
V  [libjvm.so+0x820b88]  java_start(Thread*)+0x108

VM_Operation (0x00007fc32425d310): ParallelGCFailedAllocation, mode: safepoint, requested by thread 0x00007fc32815b800


---------------  P R O C E S S  ---------------

Java Threads: ( => current thread )
  0x00007fc32815d000 JavaThread "pool-2-thread-4" [_thread_blocked, id=14804, stack(0x00007fc32405d000,0x00007fc32415e000)]
  0x00007fc32815b800 JavaThread "pool-2-thread-3" [_thread_blocked, id=14803, stack(0x00007fc32415e000,0x00007fc32425f000)]
  0x00007fc328157800 JavaThread "pool-2-thread-2" [_thread_blocked, id=14802, stack(0x00007fc32425f000,0x00007fc324360000)]
  0x00007fc328154000 JavaThread "pool-3-thread-1" [_thread_blocked, id=14801, stack(0x00007fc324360000,0x00007fc324461000)]
  0x00007fc328153000 JavaThread "pool-2-thread-1" [_thread_blocked, id=14800, stack(0x00007fc324461000,0x00007fc324562000)]
  0x00007fc328098800 JavaThread "Service Thread" daemon [_thread_blocked, id=14798, stack(0x00007fc324b35000,0x00007fc324c36000)]
  0x00007fc328096000 JavaThread "C2 CompilerThread1" daemon [_thread_blocked, id=14797, stack(0x00007fc324c36000,0x00007fc324d37000)]
  0x00007fc328093000 JavaThread "C2 CompilerThread0" daemon [_thread_blocked, id=14796, stack(0x00007fc32c092000,0x00007fc32c193000)]
  0x00007fc328091000 JavaThread "Signal Dispatcher" daemon [_thread_blocked, id=14795, stack(0x00007fc32c193000,0x00007fc32c294000)]
  0x00007fc328070000 JavaThread "Finalizer" daemon [_thread_blocked, id=14794, stack(0x00007fc32c294000,0x00007fc32c395000)]
  0x00007fc32806e000 JavaThread "Reference Handler" daemon [_thread_blocked, id=14793, stack(0x00007fc32c395000,0x00007fc32c496000)]
  0x00007fc32800a000 JavaThread "main" [_thread_blocked, id=14787, stack(0x00007fc330f30000,0x00007fc331031000)]

Other Threads:
=>0x00007fc32806a000 VMThread [stack: 0x00007fc32c496000,0x00007fc32c597000] [id=14792]
  0x00007fc3280ab000 WatcherThread [stack: 0x00007fc324a34000,0x00007fc324b35000] [id=14799]

VM state:at safepoint (normal execution)

VM Mutex/Monitor currently owned by a thread:  ([mutex/lock_event])
[0x00007fc328005f30] ExpandHeap_lock - owner thread: 0x00007fc32806a000
[0x00007fc3280065b0] Threads_lock - owner thread: 0x00007fc32806a000
[0x00007fc328006ab0] Heap_lock - owner thread: 0x00007fc32815b800

Heap
 PSYoungGen      total 233472K, used 0K [0x00000000eaa80000, 0x0000000100000000, 0x0000000100000000)
  eden space 117248K, 0% used [0x00000000eaa80000,0x00000000eaa80000,0x00000000f1d00000)
  from space 116224K, 0% used [0x00000000f8e80000,0x00000000f8e80000,0x0000000100000000)
  to   space 116224K, 0% used [0x00000000f1d00000,0x00000000f1d00000,0x00000000f8e80000)
 ParOldGen       total 643584K, used 619759K [0x00000000c0000000, 0x00000000e7480000, 0x00000000eaa80000)
  object space 643584K, 96% used [0x00000000c0000000,0x00000000e5d3bde0,0x00000000e7480000)
 PSPermGen       total 21504K, used 6156K [0x00000000bae00000, 0x00000000bc300000, 0x00000000c0000000)
  object space 21504K, 28% used [0x00000000bae00000,0x00000000bb403050,0x00000000bc300000)

Card table byte_map: [0x00007fc32dffa000,0x00007fc32e224000] byte_map_base: 0x00007fc32da23000

Polling page: 0x00007fc331057000

Code Cache  [0x00007fc325000000, 0x00007fc3254e0000, 0x00007fc328000000)
 total_blobs=1541 nmethods=1311 adapters=183 free_code_cache=44320Kb largest_free_block=45236032

Compilation events (10 events):
Event: 23.635 Thread 0x00007fc328096000 1333             java.util.concurrent.ThreadPoolExecutor$Worker::unlock (7 bytes)
Event: 23.637 Thread 0x00007fc328093000 1334             java.util.concurrent.ThreadPoolExecutor$Worker::tryRelease (12 bytes)
Event: 23.637 Thread 0x00007fc328093000 nmethod 1334 0x00007fc3250e6510 code [0x00007fc3250e6640, 0x00007fc3250e6698]
Event: 23.639 Thread 0x00007fc328096000 nmethod 1333 0x00007fc3250e3dd0 code [0x00007fc3250e3f20, 0x00007fc3250e4048]
Event: 23.639 Thread 0x00007fc328093000 1335             java.util.concurrent.locks.AbstractQueuedSynchronizer::acquireInterruptibly (28 bytes)
Event: 23.652 Thread 0x00007fc328093000 nmethod 1335 0x00007fc3252a2c90 code [0x00007fc3252a2e40, 0x00007fc3252a32f0]
Event: 23.659 Thread 0x00007fc328096000 1336             com.android.dx.ssa.back.FirstFitLocalCombiningAllocator$Alignment$1::nextClearBit (26 bytes)
Event: 23.662 Thread 0x00007fc328096000 nmethod 1336 0x00007fc325388090 code [0x00007fc325388200, 0x00007fc325388478]
Event: 23.666 Thread 0x00007fc328096000 1337             java.util.concurrent.locks.ReentrantLock::lockInterruptibly (9 bytes)
Event: 23.667 Thread 0x00007fc328096000 nmethod 1337 0x00007fc3252a2a10 code [0x00007fc3252a2b60, 0x00007fc3252a2be8]

GC Heap History (10 events):
Event: 22.482 GC heap after
Heap after GC invocations=32 (full 4):
 PSYoungGen      total 227328K, used 78886K [0x00000000eaa80000, 0x0000000100000000, 0x0000000100000000)
  eden space 119296K, 0% used [0x00000000eaa80000,0x00000000eaa80000,0x00000000f1f00000)
  from space 108032K, 73% used [0x00000000f8e80000,0x00000000fdb89b30,0x00000000ff800000)
  to   space 114176K, 0% used [0x00000000f1f00000,0x00000000f1f00000,0x00000000f8e80000)
 ParOldGen       total 643584K, used 468365K [0x00000000c0000000, 0x00000000e7480000, 0x00000000eaa80000)
  object space 643584K, 72% used [0x00000000c0000000,0x00000000dc9636e8,0x00000000e7480000)
 PSPermGen       total 21504K, used 6147K [0x00000000bae00000, 0x00000000bc300000, 0x00000000c0000000)
  object space 21504K, 28% used [0x00000000bae00000,0x00000000bb400eb0,0x00000000bc300000)
}
Event: 22.661 GC heap before
{Heap before GC invocations=33 (full 4):
 PSYoungGen      total 227328K, used 198182K [0x00000000eaa80000, 0x0000000100000000, 0x0000000100000000)
  eden space 119296K, 100% used [0x00000000eaa80000,0x00000000f1f00000,0x00000000f1f00000)
  from space 108032K, 73% used [0x00000000f8e80000,0x00000000fdb89b30,0x00000000ff800000)
  to   space 114176K, 0% used [0x00000000f1f00000,0x00000000f1f00000,0x00000000f8e80000)
 ParOldGen       total 643584K, used 468365K [0x00000000c0000000, 0x00000000e7480000, 0x00000000eaa80000)
  object space 643584K, 72% used [0x00000000c0000000,0x00000000dc9636e8,0x00000000e7480000)
 PSPermGen       total 21504K, used 6148K [0x00000000bae00000, 0x00000000bc300000, 0x00000000c0000000)
  object space 21504K, 28% used [0x00000000bae00000,0x00000000bb401330,0x00000000bc300000)
Event: 22.769 GC heap after
Heap after GC invocations=33 (full 4):
 PSYoungGen      total 233472K, used 98540K [0x00000000eaa80000, 0x0000000100000000, 0x0000000100000000)
  eden space 119296K, 0% used [0x00000000eaa80000,0x00000000eaa80000,0x00000000f1f00000)
  from space 114176K, 86% used [0x00000000f1f00000,0x00000000f7f3b3c8,0x00000000f8e80000)
  to   space 116224K, 0% used [0x00000000f8e80000,0x00000000f8e80000,0x0000000100000000)
 ParOldGen       total 643584K, used 468365K [0x00000000c0000000, 0x00000000e7480000, 0x00000000eaa80000)
  object space 643584K, 72% used [0x00000000c0000000,0x00000000dc9636e8,0x00000000e7480000)
 PSPermGen       total 21504K, used 6148K [0x00000000bae00000, 0x00000000bc300000, 0x00000000c0000000)
  object space 21504K, 28% used [0x00000000bae00000,0x00000000bb401330,0x00000000bc300000)
}
Event: 23.048 GC heap before
{Heap before GC invocations=34 (full 4):
 PSYoungGen      total 233472K, used 217836K [0x00000000eaa80000, 0x0000000100000000, 0x0000000100000000)
  eden space 119296K, 100% used [0x00000000eaa80000,0x00000000f1f00000,0x00000000f1f00000)
  from space 114176K, 86% used [0x00000000f1f00000,0x00000000f7f3b3c8,0x00000000f8e80000)
  to   space 116224K, 0% used [0x00000000f8e80000,0x00000000f8e80000,0x0000000100000000)
 ParOldGen       total 643584K, used 468365K [0x00000000c0000000, 0x00000000e7480000, 0x00000000eaa80000)
  object space 643584K, 72% used [0x00000000c0000000,0x00000000dc9636e8,0x00000000e7480000)
 PSPermGen       total 21504K, used 6150K [0x00000000bae00000, 0x00000000bc300000, 0x00000000c0000000)
  object space 21504K, 28% used [0x00000000bae00000,0x00000000bb401bb0,0x00000000bc300000)
Event: 23.198 GC heap after
Heap after GC invocations=34 (full 4):
 PSYoungGen      total 233472K, used 84784K [0x00000000eaa80000, 0x0000000100000000, 0x0000000100000000)
  eden space 117248K, 0% used [0x00000000eaa80000,0x00000000eaa80000,0x00000000f1d00000)
  from space 116224K, 72% used [0x00000000f8e80000,0x00000000fe14c050,0x0000000100000000)
  to   space 116224K, 0% used [0x00000000f1d00000,0x00000000f1d00000,0x00000000f8e80000)
 ParOldGen       total 643584K, used 505103K [0x00000000c0000000, 0x00000000e7480000, 0x00000000eaa80000)
  object space 643584K, 78% used [0x00000000c0000000,0x00000000ded43eb8,0x00000000e7480000)
 PSPermGen       total 21504K, used 6150K [0x00000000bae00000, 0x00000000bc300000, 0x00000000c0000000)
  object space 21504K, 28% used [0x00000000bae00000,0x00000000bb401bb0,0x00000000bc300000)
}
Event: 23.424 GC heap before
{Heap before GC invocations=35 (full 4):
 PSYoungGen      total 233472K, used 202032K [0x00000000eaa80000, 0x0000000100000000, 0x0000000100000000)
  eden space 117248K, 100% used [0x00000000eaa80000,0x00000000f1d00000,0x00000000f1d00000)
  from space 116224K, 72% used [0x00000000f8e80000,0x00000000fe14c050,0x0000000100000000)
  to   space 116224K, 0% used [0x00000000f1d00000,0x00000000f1d00000,0x00000000f8e80000)
 ParOldGen       total 643584K, used 505563K [0x00000000c0000000, 0x00000000e7480000, 0x00000000eaa80000)
  object space 643584K, 78% used [0x00000000c0000000,0x00000000dedb6e28,0x00000000e7480000)
 PSPermGen       total 21504K, used 6156K [0x00000000bae00000, 0x00000000bc300000, 0x00000000c0000000)
  object space 21504K, 28% used [0x00000000bae00000,0x00000000bb403098,0x00000000bc300000)
Event: 23.566 GC heap after
Heap after GC invocations=35 (full 4):
 PSYoungGen      total 233472K, used 62627K [0x00000000eaa80000, 0x0000000100000000, 0x0000000100000000)
  eden space 117248K, 0% used [0x00000000eaa80000,0x00000000eaa80000,0x00000000f1d00000)
  from space 116224K, 53% used [0x00000000f1d00000,0x00000000f5a28e68,0x00000000f8e80000)
  to   space 116224K, 0% used [0x00000000f8e80000,0x00000000f8e80000,0x0000000100000000)
 ParOldGen       total 643584K, used 546912K [0x00000000c0000000, 0x00000000e7480000, 0x00000000eaa80000)
  object space 643584K, 84% used [0x00000000c0000000,0x00000000e1618028,0x00000000e7480000)
 PSPermGen       total 21504K, used 6156K [0x00000000bae00000, 0x00000000bc300000, 0x00000000c0000000)
  object space 21504K, 28% used [0x00000000bae00000,0x00000000bb403098,0x00000000bc300000)
}
Event: 23.735 GC heap before
{Heap before GC invocations=36 (full 4):
 PSYoungGen      total 233472K, used 179875K [0x00000000eaa80000, 0x0000000100000000, 0x0000000100000000)
  eden space 117248K, 100% used [0x00000000eaa80000,0x00000000f1d00000,0x00000000f1d00000)
  from space 116224K, 53% used [0x00000000f1d00000,0x00000000f5a28e68,0x00000000f8e80000)
  to   space 116224K, 0% used [0x00000000f8e80000,0x00000000f8e80000,0x0000000100000000)
 ParOldGen       total 643584K, used 546914K [0x00000000c0000000, 0x00000000e7480000, 0x00000000eaa80000)
  object space 643584K, 84% used [0x00000000c0000000,0x00000000e16188e0,0x00000000e7480000)
 PSPermGen       total 21504K, used 6156K [0x00000000bae00000, 0x00000000bc300000, 0x00000000c0000000)
  object space 21504K, 28% used [0x00000000bae00000,0x00000000bb403170,0x00000000bc300000)
Event: 23.832 GC heap after
Heap after GC invocations=36 (full 4):
 PSYoungGen      total 233472K, used 38551K [0x00000000eaa80000, 0x0000000100000000, 0x0000000100000000)
  eden space 117248K, 0% used [0x00000000eaa80000,0x00000000eaa80000,0x00000000f1d00000)
  from space 116224K, 33% used [0x00000000f8e80000,0x00000000fb425ff0,0x0000000100000000)
  to   space 116224K, 0% used [0x00000000f1d00000,0x00000000f1d00000,0x00000000f8e80000)
 ParOldGen       total 643584K, used 589791K [0x00000000c0000000, 0x00000000e7480000, 0x00000000eaa80000)
  object space 643584K, 91% used [0x00000000c0000000,0x00000000e3ff7f28,0x00000000e7480000)
 PSPermGen       total 21504K, used 6156K [0x00000000bae00000, 0x00000000bc300000, 0x00000000c0000000)
  object space 21504K, 28% used [0x00000000bae00000,0x00000000bb403170,0x00000000bc300000)
}
Event: 23.832 GC heap before
{Heap before GC invocations=37 (full 5):
 PSYoungGen      total 233472K, used 38551K [0x00000000eaa80000, 0x0000000100000000, 0x0000000100000000)
  eden space 117248K, 0% used [0x00000000eaa80000,0x00000000eaa80000,0x00000000f1d00000)
  from space 116224K, 33% used [0x00000000f8e80000,0x00000000fb425ff0,0x0000000100000000)
  to   space 116224K, 0% used [0x00000000f1d00000,0x00000000f1d00000,0x00000000f8e80000)
 ParOldGen       total 643584K, used 589791K [0x00000000c0000000, 0x00000000e7480000, 0x00000000eaa80000)
  object space 643584K, 91% used [0x00000000c0000000,0x00000000e3ff7f28,0x00000000e7480000)
 PSPermGen       total 21504K, used 6156K [0x00000000bae00000, 0x00000000bc300000, 0x00000000c0000000)
  object space 21504K, 28% used [0x00000000bae00000,0x00000000bb403170,0x00000000bc300000)

Deoptimization events (10 events):
Event: 21.521 Thread 0x00007fc32815d000 Uncommon trap: reason=unreached action=reinterpret pc=0x00007fc3250861d8 method=java.util.HashMap.getEntry(Ljava/lang/Object;)Ljava/util/HashMap$Entry; @ 71
Event: 21.929 Thread 0x00007fc32815b800 Uncommon trap: reason=bimorphic action=maybe_recompile pc=0x00007fc325471774 method=com.android.dx.cf.code.BytecodeArray.parseInstruction(ILcom/android/dx/cf/code/BytecodeArray$Visitor;)I @ 1987
Event: 21.929 Thread 0x00007fc32815b800 Uncommon trap: reason=bimorphic action=maybe_recompile pc=0x00007fc325471774 method=com.android.dx.cf.code.BytecodeArray.parseInstruction(ILcom/android/dx/cf/code/BytecodeArray$Visitor;)I @ 1987
Event: 22.016 Thread 0x00007fc32800a000 Uncommon trap: reason=null_check action=make_not_entrant pc=0x00007fc3254a50a4 method=com.android.dx.cf.direct.StdAttributeFactory.enclosingMethod(Lcom/android/dx/cf/direct/DirectClassFile;IILcom/android/dx/cf/iface/ParseObserver;)Lcom/android/dx/cf/iface
Event: 22.364 Thread 0x00007fc32800a000 Uncommon trap: reason=bimorphic action=maybe_recompile pc=0x00007fc325468cc0 method=java.util.concurrent.locks.AbstractQueuedSynchronizer.acquire(I)V @ 2
Event: 22.899 Thread 0x00007fc328157800 Uncommon trap: reason=bimorphic action=maybe_recompile pc=0x00007fc3254c2ba0 method=com.android.dx.cf.code.BytecodeArray.parseInstruction(ILcom/android/dx/cf/code/BytecodeArray$Visitor;)I @ 1287
Event: 22.899 Thread 0x00007fc328157800 Uncommon trap: reason=bimorphic action=maybe_recompile pc=0x00007fc3254c2ba0 method=com.android.dx.cf.code.BytecodeArray.parseInstruction(ILcom/android/dx/cf/code/BytecodeArray$Visitor;)I @ 1287
Event: 22.974 Thread 0x00007fc32800a000 Uncommon trap: reason=bimorphic action=maybe_recompile pc=0x00007fc325468cc0 method=java.util.concurrent.locks.AbstractQueuedSynchronizer.acquire(I)V @ 2
Event: 23.378 Thread 0x00007fc32800a000 Uncommon trap: reason=bimorphic action=maybe_recompile pc=0x00007fc325468cc0 method=java.util.concurrent.locks.AbstractQueuedSynchronizer.acquire(I)V @ 2
Event: 23.722 Thread 0x00007fc32800a000 Uncommon trap: reason=bimorphic action=maybe_recompile pc=0x00007fc325468cc0 method=java.util.concurrent.locks.AbstractQueuedSynchronizer.acquire(I)V @ 2

Internal exceptions (10 events):
Event: 6.592 Thread 0x00007fc32815b800 Implicit null exception at 0x00007fc32513d578 to 0x00007fc32513d679
Event: 6.592 Thread 0x00007fc32815b800 Implicit null exception at 0x00007fc325116107 to 0x00007fc325117c99
Event: 6.900 Thread 0x00007fc32800a000 Threw 0x00000000efa5a1a8 at /HUDSON/workspace/7u-2-build-linux-amd64/jdk7u75/1940/hotspot/src/share/vm/prims/jvm.cpp:1281
Event: 7.389 Thread 0x00007fc328153000 Implicit null exception at 0x00007fc32523d8f3 to 0x00007fc32524047d
Event: 10.755 Thread 0x00007fc32800a000 Threw 0x00000000f4e0e2d0 at /HUDSON/workspace/7u-2-build-linux-amd64/jdk7u75/1940/hotspot/src/share/vm/prims/jvm.cpp:1281
Event: 10.761 Thread 0x00007fc32815d000 Threw 0x00000000f4938d30 at /HUDSON/workspace/7u-2-build-linux-amd64/jdk7u75/1940/hotspot/src/share/vm/prims/jvm.cpp:1281
Event: 10.903 Thread 0x00007fc32800a000 Threw 0x00000000f65d2a68 at /HUDSON/workspace/7u-2-build-linux-amd64/jdk7u75/1940/hotspot/src/share/vm/prims/jvm.cpp:1281
Event: 20.849 Thread 0x00007fc32815d000 Implicit null exception at 0x00007fc3251e627a to 0x00007fc3251e7129
Event: 21.482 Thread 0x00007fc32800a000 Threw 0x00000000ebc763a8 at /HUDSON/workspace/7u-2-build-linux-amd64/jdk7u75/1940/hotspot/src/share/vm/prims/jvm.cpp:1281
Event: 22.016 Thread 0x00007fc32800a000 Implicit null exception at 0x00007fc3254a3b8f to 0x00007fc3254a5095

Events (10 events):
Event: 23.414 Executing VM operation: ParallelGCFailedAllocation
Event: 23.420 Executing VM operation: ParallelGCFailedAllocation done
Event: 23.423 Executing VM operation: ParallelGCSystemGC
Event: 23.568 Executing VM operation: ParallelGCSystemGC done
Event: 23.652 Thread 0x00007fc328093000 flushing nmethod 0x00007fc325387ed0
Event: 23.662 Thread 0x00007fc328096000 flushing nmethod 0x00007fc3253bac50
Event: 23.722 Thread 0x00007fc32800a000 Uncommon trap: trap_request=0xffffffc6 fr.pc=0x00007fc325468cc0
Event: 23.722 Thread 0x00007fc32800a000 DEOPT PACKING pc=0x00007fc325468cc0 sp=0x00007fc33102f140
Event: 23.722 Thread 0x00007fc32800a000 DEOPT UNPACKING pc=0x00007fc325039445 sp=0x00007fc33102f110 mode 2
Event: 23.732 Executing VM operation: ParallelGCFailedAllocation


Dynamic libraries:
00400000-00401000 r-xp 00000000 fc:00 20054218                           /usr/lib/jvm/jdk1.7.0_75/bin/java
00600000-00601000 rw-p 00000000 fc:00 20054218                           /usr/lib/jvm/jdk1.7.0_75/bin/java
00af8000-00b19000 rw-p 00000000 00:00 0                                  [heap]
bae00000-bc300000 rw-p 00000000 00:00 0 
bc300000-c0000000 rw-p 00000000 00:00 0 
c0000000-e7480000 rw-p 00000000 00:00 0 
eaa80000-100000000 rw-p 00000000 00:00 0 
7fc2dc000000-7fc2dc032000 rw-p 00000000 00:00 0 
7fc2dc032000-7fc2e0000000 ---p 00000000 00:00 0 
7fc2e0000000-7fc2e002f000 rw-p 00000000 00:00 0 
7fc2e002f000-7fc2e4000000 ---p 00000000 00:00 0 
7fc2e4000000-7fc2e4021000 rw-p 00000000 00:00 0 
7fc2e4021000-7fc2e8000000 ---p 00000000 00:00 0 
7fc2e8000000-7fc2e8021000 rw-p 00000000 00:00 0 
7fc2e8021000-7fc2ec000000 ---p 00000000 00:00 0 
7fc2ec000000-7fc2ec021000 rw-p 00000000 00:00 0 
7fc2ec021000-7fc2f0000000 ---p 00000000 00:00 0 
7fc2f0000000-7fc2f0030000 rw-p 00000000 00:00 0 
7fc2f0030000-7fc2f4000000 ---p 00000000 00:00 0 
7fc2f4000000-7fc2f5bf1000 rw-p 00000000 00:00 0 
7fc2f5bf1000-7fc2f8000000 ---p 00000000 00:00 0 
7fc2f8000000-7fc2f8021000 rw-p 00000000 00:00 0 
7fc2f8021000-7fc2fc000000 ---p 00000000 00:00 0 
7fc2fc000000-7fc2fc021000 rw-p 00000000 00:00 0 
7fc2fc021000-7fc300000000 ---p 00000000 00:00 0 
7fc300000000-7fc30157a000 rw-p 00000000 00:00 0 
7fc30157a000-7fc304000000 ---p 00000000 00:00 0 
7fc304000000-7fc304021000 rw-p 00000000 00:00 0 
7fc304021000-7fc308000000 ---p 00000000 00:00 0 
7fc308000000-7fc308021000 rw-p 00000000 00:00 0 
7fc308021000-7fc30c000000 ---p 00000000 00:00 0 
7fc30c000000-7fc30c24f000 rw-p 00000000 00:00 0 
7fc30c24f000-7fc310000000 ---p 00000000 00:00 0 
7fc311d70000-7fc314000000 rw-p 00000000 00:00 0 
7fc314000000-7fc314021000 rw-p 00000000 00:00 0 
7fc314021000-7fc318000000 ---p 00000000 00:00 0 
7fc318000000-7fc318021000 rw-p 00000000 00:00 0 
7fc318021000-7fc31c000000 ---p 00000000 00:00 0 
7fc31c000000-7fc31c021000 rw-p 00000000 00:00 0 
7fc31c021000-7fc320000000 ---p 00000000 00:00 0 
7fc320000000-7fc320021000 rw-p 00000000 00:00 0 
7fc320021000-7fc324000000 ---p 00000000 00:00 0 
7fc32405d000-7fc324060000 ---p 00000000 00:00 0 
7fc324060000-7fc32415e000 rw-p 00000000 00:00 0                          [stack:14804]
7fc32415e000-7fc324161000 ---p 00000000 00:00 0 
7fc324161000-7fc32425f000 rw-p 00000000 00:00 0                          [stack:14803]
7fc32425f000-7fc324262000 ---p 00000000 00:00 0 
7fc324262000-7fc324360000 rw-p 00000000 00:00 0                          [stack:14802]
7fc324360000-7fc324363000 ---p 00000000 00:00 0 
7fc324363000-7fc324461000 rw-p 00000000 00:00 0                          [stack:14801]
7fc324461000-7fc324464000 ---p 00000000 00:00 0 
7fc324464000-7fc324562000 rw-p 00000000 00:00 0                          [stack:14800]
7fc324562000-7fc324578000 r-xp 00000000 fc:00 19926602                   /usr/lib/jvm/jdk1.7.0_75/jre/lib/amd64/libnet.so
7fc324578000-7fc324778000 ---p 00016000 fc:00 19926602                   /usr/lib/jvm/jdk1.7.0_75/jre/lib/amd64/libnet.so
7fc324778000-7fc324779000 rw-p 00016000 fc:00 19926602                   /usr/lib/jvm/jdk1.7.0_75/jre/lib/amd64/libnet.so
7fc324779000-7fc324789000 r-xp 00000000 fc:00 19926568                   /usr/lib/jvm/jdk1.7.0_75/jre/lib/amd64/libnio.so
7fc324789000-7fc324989000 ---p 00010000 fc:00 19926568                   /usr/lib/jvm/jdk1.7.0_75/jre/lib/amd64/libnio.so
7fc324989000-7fc32498a000 rw-p 00010000 fc:00 19926568                   /usr/lib/jvm/jdk1.7.0_75/jre/lib/amd64/libnio.so
7fc32498a000-7fc324a34000 r--s 008c1000 fc:00 9963878                    /home/naveen/Desktop/sudheer/dristhi-app/app/build/intermediates/multi-dex/release/allclasses.jar
7fc324a34000-7fc324a35000 ---p 00000000 00:00 0 
7fc324a35000-7fc324b35000 rw-p 00000000 00:00 0                          [stack:14799]
7fc324b35000-7fc324b38000 ---p 00000000 00:00 0 
7fc324b38000-7fc324c36000 rw-p 00000000 00:00 0                          [stack:14798]
7fc324c36000-7fc324c39000 ---p 00000000 00:00 0 
7fc324c39000-7fc324d37000 rw-p 00000000 00:00 0                          [stack:14797]
7fc324d37000-7fc325000000 r--p 00000000 fc:00 24515029                   /usr/lib/locale/locale-archive
7fc325000000-7fc3254e0000 rwxp 00000000 00:00 0 
7fc3254e0000-7fc32830f000 rw-p 00000000 00:00 0 
7fc32830f000-7fc32c000000 ---p 00000000 00:00 0 
7fc32c061000-7fc32c092000 rw-p 00000000 00:00 0 
7fc32c092000-7fc32c095000 ---p 00000000 00:00 0 
7fc32c095000-7fc32c193000 rw-p 00000000 00:00 0                          [stack:14796]
7fc32c193000-7fc32c196000 ---p 00000000 00:00 0 
7fc32c196000-7fc32c294000 rw-p 00000000 00:00 0                          [stack:14795]
7fc32c294000-7fc32c297000 ---p 00000000 00:00 0 
7fc32c297000-7fc32c395000 rw-p 00000000 00:00 0                          [stack:14794]
7fc32c395000-7fc32c398000 ---p 00000000 00:00 0 
7fc32c398000-7fc32c496000 rw-p 00000000 00:00 0                          [stack:14793]
7fc32c496000-7fc32c497000 ---p 00000000 00:00 0 
7fc32c497000-7fc32d596000 rw-p 00000000 00:00 0                          [stack:14792]
7fc32d596000-7fc32d755000 r--s 039eb000 fc:00 19927254                   /usr/lib/jvm/jdk1.7.0_75/jre/lib/rt.jar
7fc32d755000-7fc32da77000 rw-p 00000000 00:00 0 
7fc32da77000-7fc32da78000 ---p 00000000 00:00 0 
7fc32da78000-7fc32db78000 rw-p 00000000 00:00 0                          [stack:14791]
7fc32db78000-7fc32db79000 ---p 00000000 00:00 0 
7fc32db79000-7fc32dc79000 rw-p 00000000 00:00 0                          [stack:14790]
7fc32dc79000-7fc32dc7a000 ---p 00000000 00:00 0 
7fc32dc7a000-7fc32dd7a000 rw-p 00000000 00:00 0                          [stack:14789]
7fc32dd7a000-7fc32dd7b000 ---p 00000000 00:00 0 
7fc32dd7b000-7fc32de86000 rw-p 00000000 00:00 0                          [stack:14788]
7fc32de86000-7fc32dea4000 rw-p 00000000 00:00 0 
7fc32dea4000-7fc32dfdf000 rw-p 00000000 00:00 0 
7fc32dfdf000-7fc32dffa000 rw-p 00000000 00:00 0 
7fc32dffa000-7fc32e005000 rw-p 00000000 00:00 0 
7fc32e005000-7fc32e023000 rw-p 00000000 00:00 0 
7fc32e023000-7fc32e15e000 rw-p 00000000 00:00 0 
7fc32e15e000-7fc32e178000 rw-p 00000000 00:00 0 
7fc32e178000-7fc32e223000 rw-p 00000000 00:00 0 
7fc32e223000-7fc32e224000 rw-p 00000000 00:00 0 
7fc32e224000-7fc32e23e000 r-xp 00000000 fc:00 19926597                   /usr/lib/jvm/jdk1.7.0_75/jre/lib/amd64/libzip.so
7fc32e23e000-7fc32e43e000 ---p 0001a000 fc:00 19926597                   /usr/lib/jvm/jdk1.7.0_75/jre/lib/amd64/libzip.so
7fc32e43e000-7fc32e43f000 rw-p 0001a000 fc:00 19926597                   /usr/lib/jvm/jdk1.7.0_75/jre/lib/amd64/libzip.so
7fc32e43f000-7fc32e44a000 r-xp 00000000 fc:00 11669308                   /lib/x86_64-linux-gnu/libnss_files-2.19.so
7fc32e44a000-7fc32e649000 ---p 0000b000 fc:00 11669308                   /lib/x86_64-linux-gnu/libnss_files-2.19.so
7fc32e649000-7fc32e64a000 r--p 0000a000 fc:00 11669308                   /lib/x86_64-linux-gnu/libnss_files-2.19.so
7fc32e64a000-7fc32e64b000 rw-p 0000b000 fc:00 11669308                   /lib/x86_64-linux-gnu/libnss_files-2.19.so
7fc32e64b000-7fc32e656000 r-xp 00000000 fc:00 11669328                   /lib/x86_64-linux-gnu/libnss_nis-2.19.so
7fc32e656000-7fc32e855000 ---p 0000b000 fc:00 11669328                   /lib/x86_64-linux-gnu/libnss_nis-2.19.so
7fc32e855000-7fc32e856000 r--p 0000a000 fc:00 11669328                   /lib/x86_64-linux-gnu/libnss_nis-2.19.so
7fc32e856000-7fc32e857000 rw-p 0000b000 fc:00 11669328                   /lib/x86_64-linux-gnu/libnss_nis-2.19.so
7fc32e857000-7fc32e86e000 r-xp 00000000 fc:00 11669317                   /lib/x86_64-linux-gnu/libnsl-2.19.so
7fc32e86e000-7fc32ea6d000 ---p 00017000 fc:00 11669317                   /lib/x86_64-linux-gnu/libnsl-2.19.so
7fc32ea6d000-7fc32ea6e000 r--p 00016000 fc:00 11669317                   /lib/x86_64-linux-gnu/libnsl-2.19.so
7fc32ea6e000-7fc32ea6f000 rw-p 00017000 fc:00 11669317                   /lib/x86_64-linux-gnu/libnsl-2.19.so
7fc32ea6f000-7fc32ea71000 rw-p 00000000 00:00 0 
7fc32ea71000-7fc32ea7a000 r-xp 00000000 fc:00 11669316                   /lib/x86_64-linux-gnu/libnss_compat-2.19.so
7fc32ea7a000-7fc32ec79000 ---p 00009000 fc:00 11669316                   /lib/x86_64-linux-gnu/libnss_compat-2.19.so
7fc32ec79000-7fc32ec7a000 r--p 00008000 fc:00 11669316                   /lib/x86_64-linux-gnu/libnss_compat-2.19.so
7fc32ec7a000-7fc32ec7b000 rw-p 00009000 fc:00 11669316                   /lib/x86_64-linux-gnu/libnss_compat-2.19.so
7fc32ec7b000-7fc32eca4000 r-xp 00000000 fc:00 19926563                   /usr/lib/jvm/jdk1.7.0_75/jre/lib/amd64/libjava.so
7fc32eca4000-7fc32eea4000 ---p 00029000 fc:00 19926563                   /usr/lib/jvm/jdk1.7.0_75/jre/lib/amd64/libjava.so
7fc32eea4000-7fc32eea6000 rw-p 00029000 fc:00 19926563                   /usr/lib/jvm/jdk1.7.0_75/jre/lib/amd64/libjava.so
7fc32eea6000-7fc32eeb3000 r-xp 00000000 fc:00 19926590                   /usr/lib/jvm/jdk1.7.0_75/jre/lib/amd64/libverify.so
7fc32eeb3000-7fc32f0b2000 ---p 0000d000 fc:00 19926590                   /usr/lib/jvm/jdk1.7.0_75/jre/lib/amd64/libverify.so
7fc32f0b2000-7fc32f0b4000 rw-p 0000c000 fc:00 19926590                   /usr/lib/jvm/jdk1.7.0_75/jre/lib/amd64/libverify.so
7fc32f0b4000-7fc32f0bb000 r-xp 00000000 fc:00 11669325                   /lib/x86_64-linux-gnu/librt-2.19.so
7fc32f0bb000-7fc32f2ba000 ---p 00007000 fc:00 11669325                   /lib/x86_64-linux-gnu/librt-2.19.so
7fc32f2ba000-7fc32f2bb000 r--p 00006000 fc:00 11669325                   /lib/x86_64-linux-gnu/librt-2.19.so
7fc32f2bb000-7fc32f2bc000 rw-p 00007000 fc:00 11669325                   /lib/x86_64-linux-gnu/librt-2.19.so
7fc32f2bc000-7fc32f3c1000 r-xp 00000000 fc:00 11669307                   /lib/x86_64-linux-gnu/libm-2.19.so
7fc32f3c1000-7fc32f5c0000 ---p 00105000 fc:00 11669307                   /lib/x86_64-linux-gnu/libm-2.19.so
7fc32f5c0000-7fc32f5c1000 r--p 00104000 fc:00 11669307                   /lib/x86_64-linux-gnu/libm-2.19.so
7fc32f5c1000-7fc32f5c2000 rw-p 00105000 fc:00 11669307                   /lib/x86_64-linux-gnu/libm-2.19.so
7fc32f5c2000-7fc330135000 r-xp 00000000 fc:00 19926617                   /usr/lib/jvm/jdk1.7.0_75/jre/lib/amd64/server/libjvm.so
7fc330135000-7fc330335000 ---p 00b73000 fc:00 19926617                   /usr/lib/jvm/jdk1.7.0_75/jre/lib/amd64/server/libjvm.so
7fc330335000-7fc3303f9000 rw-p 00b73000 fc:00 19926617                   /usr/lib/jvm/jdk1.7.0_75/jre/lib/amd64/server/libjvm.so
7fc3303f9000-7fc33043a000 rw-p 00000000 00:00 0 
7fc33043a000-7fc3305f5000 r-xp 00000000 fc:00 11669322                   /lib/x86_64-linux-gnu/libc-2.19.so
7fc3305f5000-7fc3307f4000 ---p 001bb000 fc:00 11669322                   /lib/x86_64-linux-gnu/libc-2.19.so
7fc3307f4000-7fc3307f8000 r--p 001ba000 fc:00 11669322                   /lib/x86_64-linux-gnu/libc-2.19.so
7fc3307f8000-7fc3307fa000 rw-p 001be000 fc:00 11669322                   /lib/x86_64-linux-gnu/libc-2.19.so
7fc3307fa000-7fc3307ff000 rw-p 00000000 00:00 0 
7fc3307ff000-7fc330802000 r-xp 00000000 fc:00 11669311                   /lib/x86_64-linux-gnu/libdl-2.19.so
7fc330802000-7fc330a01000 ---p 00003000 fc:00 11669311                   /lib/x86_64-linux-gnu/libdl-2.19.so
7fc330a01000-7fc330a02000 r--p 00002000 fc:00 11669311                   /lib/x86_64-linux-gnu/libdl-2.19.so
7fc330a02000-7fc330a03000 rw-p 00003000 fc:00 11669311                   /lib/x86_64-linux-gnu/libdl-2.19.so
7fc330a03000-7fc330a19000 r-xp 00000000 fc:00 19927302                   /usr/lib/jvm/jdk1.7.0_75/lib/amd64/jli/libjli.so
7fc330a19000-7fc330c19000 ---p 00016000 fc:00 19927302                   /usr/lib/jvm/jdk1.7.0_75/lib/amd64/jli/libjli.so
7fc330c19000-7fc330c1a000 rw-p 00016000 fc:00 19927302                   /usr/lib/jvm/jdk1.7.0_75/lib/amd64/jli/libjli.so
7fc330c1a000-7fc330c33000 r-xp 00000000 fc:00 11669323                   /lib/x86_64-linux-gnu/libpthread-2.19.so
7fc330c33000-7fc330e32000 ---p 00019000 fc:00 11669323                   /lib/x86_64-linux-gnu/libpthread-2.19.so
7fc330e32000-7fc330e33000 r--p 00018000 fc:00 11669323                   /lib/x86_64-linux-gnu/libpthread-2.19.so
7fc330e33000-7fc330e34000 rw-p 00019000 fc:00 11669323                   /lib/x86_64-linux-gnu/libpthread-2.19.so
7fc330e34000-7fc330e38000 rw-p 00000000 00:00 0 
7fc330e38000-7fc330e5b000 r-xp 00000000 fc:00 11669319                   /lib/x86_64-linux-gnu/ld-2.19.so
7fc330e61000-7fc330e70000 r--s 000df000 fc:00 22159853                   /home/naveen/android-sdks/build-tools/23.0.0/lib/dx.jar
7fc330e70000-7fc330e84000 rw-p 00000000 00:00 0 
7fc330e84000-7fc330f30000 rw-p 00000000 00:00 0 
7fc330f30000-7fc330f33000 ---p 00000000 00:00 0 
7fc330f33000-7fc331035000 rw-p 00000000 00:00 0                          [stack:14787]
7fc331037000-7fc33104e000 rw-p 00000000 00:00 0 
7fc33104e000-7fc331056000 rw-s 00000000 fc:00 11799685                   /tmp/hsperfdata_naveen/14783
7fc331056000-7fc331057000 rw-p 00000000 00:00 0 
7fc331057000-7fc331058000 ---p 00000000 00:00 0 
7fc331058000-7fc33105a000 rw-p 00000000 00:00 0 
7fc33105a000-7fc33105b000 r--p 00022000 fc:00 11669319                   /lib/x86_64-linux-gnu/ld-2.19.so
7fc33105b000-7fc33105c000 rw-p 00023000 fc:00 11669319                   /lib/x86_64-linux-gnu/ld-2.19.so
7fc33105c000-7fc33105d000 rw-p 00000000 00:00 0 
7fffd366c000-7fffd368e000 rw-p 00000000 00:00 0                          [stack]
7fffd3762000-7fffd3764000 r-xp 00000000 00:00 0                          [vdso]
ffffffffff600000-ffffffffff601000 r-xp 00000000 00:00 0                  [vsyscall]

VM Arguments:
jvm_args: -Xmx1024M -Dfile.encoding=UTF-8 -Duser.country=US -Duser.language=en -Duser.variant 
java_command: com.android.dx.command.Main --dex --num-threads=4 --multi-dex --main-dex-list /home/naveen/Desktop/sudheer/dristhi-app/app/build/intermediates/multi-dex/release/maindexlist.txt --output /home/naveen/Desktop/sudheer/dristhi-app/app/build/intermediates/dex/release /home/naveen/Desktop/sudheer/dristhi-app/app/build/intermediates/multi-dex/release/allclasses.jar
Launcher Type: SUN_STANDARD

Environment Variables:
JAVA_HOME=/usr/lib/jvm/jdk1.7.0_75
PATH=/home/naveen/android-sdks/platform-tools:/home/naveen/android-sdks/tools:/home/naveen/android-sdks:/home/naveen/.android/avd/:/usr/lib/jvm/jdk1.7.0_75:/usr/local/sbin:/usr/local/bin:/usr/sbin:/usr/bin:/sbin:/bin:/usr/games:/android-sdks/tools:/android-sdks/platform-tools
USERNAME=naveen
LD_LIBRARY_PATH=/home/naveen/Desktop/Android/android-studio/bin:
SHELL=/bin/bash
DISPLAY=:0

Signal Handlers:
SIGSEGV: [libjvm.so+0x9a21f0], sa_mask[0]=0x7ffbfeff, sa_flags=0x10000004
SIGBUS: [libjvm.so+0x9a21f0], sa_mask[0]=0x7ffbfeff, sa_flags=0x10000004
SIGFPE: [libjvm.so+0x81ba40], sa_mask[0]=0x7ffbfeff, sa_flags=0x10000004
SIGPIPE: [libjvm.so+0x81ba40], sa_mask[0]=0x7ffbfeff, sa_flags=0x10000004
SIGXFSZ: [libjvm.so+0x81ba40], sa_mask[0]=0x7ffbfeff, sa_flags=0x10000004
SIGILL: [libjvm.so+0x81ba40], sa_mask[0]=0x7ffbfeff, sa_flags=0x10000004
SIGUSR1: SIG_DFL, sa_mask[0]=0x00000000, sa_flags=0x00000000
SIGUSR2: [libjvm.so+0x81d240], sa_mask[0]=0x00000004, sa_flags=0x10000004
SIGHUP: [libjvm.so+0x81e360], sa_mask[0]=0x7ffbfeff, sa_flags=0x10000004
SIGINT: [libjvm.so+0x81e360], sa_mask[0]=0x7ffbfeff, sa_flags=0x10000004
SIGTERM: [libjvm.so+0x81e360], sa_mask[0]=0x7ffbfeff, sa_flags=0x10000004
SIGQUIT: [libjvm.so+0x81e360], sa_mask[0]=0x7ffbfeff, sa_flags=0x10000004


---------------  S Y S T E M  ---------------

OS:jessie/sid

uname:Linux 3.13.0-32-generic #57-Ubuntu SMP Tue Jul 15 03:51:08 UTC 2014 x86_64
libc:glibc 2.19 NPTL 2.19 
rlimit: STACK 8192k, CORE 0k, NPROC 62845, NOFILE 4096, AS infinity
load average:9.39 3.63 1.61

/proc/meminfo:
MemTotal:        8074892 kB
MemFree:          118436 kB
Buffers:             384 kB
Cached:           334880 kB
SwapCached:            0 kB
Active:          7345116 kB
Inactive:         329164 kB
Active(anon):    7341576 kB
Inactive(anon):   321040 kB
Active(file):       3540 kB
Inactive(file):     8124 kB
Unevictable:          76 kB
Mlocked:              76 kB
SwapTotal:             0 kB
SwapFree:              0 kB
Dirty:               108 kB
Writeback:             0 kB
AnonPages:       7339572 kB
Mapped:           121256 kB
Shmem:            323120 kB
Slab:              86368 kB
SReclaimable:      42172 kB
SUnreclaim:        44196 kB
KernelStack:        8000 kB
PageTables:        71000 kB
NFS_Unstable:          0 kB
Bounce:                0 kB
WritebackTmp:          0 kB
CommitLimit:     4037444 kB
Committed_AS:   15218524 kB
VmallocTotal:   34359738367 kB
VmallocUsed:      354048 kB
VmallocChunk:   34359377372 kB
HardwareCorrupted:     0 kB
AnonHugePages:   1761280 kB
HugePages_Total:       0
HugePages_Free:        0
HugePages_Rsvd:        0
HugePages_Surp:        0
Hugepagesize:       2048 kB
DirectMap4k:       87012 kB
DirectMap2M:     8200192 kB


CPU:total 4 (2 cores per cpu, 2 threads per core) family 6 model 42 stepping 7, cmov, cx8, fxsr, mmx, sse, sse2, sse3, ssse3, sse4.1, sse4.2, popcnt, avx, ht, tsc, tscinvbit

/proc/cpuinfo:
processor	: 0
vendor_id	: GenuineIntel
cpu family	: 6
model		: 42
model name	: Intel(R) Core(TM) i3-2120 CPU @ 3.30GHz
stepping	: 7
microcode	: 0x26
cpu MHz		: 3300.000
cache size	: 3072 KB
physical id	: 0
siblings	: 4
core id		: 0
cpu cores	: 2
apicid		: 0
initial apicid	: 0
fpu		: yes
fpu_exception	: yes
cpuid level	: 13
wp		: yes
flags		: fpu vme de pse tsc msr pae mce cx8 apic sep mtrr pge mca cmov pat pse36 clflush dts acpi mmx fxsr sse sse2 ss ht tm pbe syscall nx rdtscp lm constant_tsc arch_perfmon pebs bts rep_good nopl xtopology nonstop_tsc aperfmperf eagerfpu pni pclmulqdq dtes64 monitor ds_cpl vmx est tm2 ssse3 cx16 xtpr pdcm pcid sse4_1 sse4_2 popcnt tsc_deadline_timer xsave avx lahf_lm arat epb xsaveopt pln pts dtherm tpr_shadow vnmi flexpriority ept vpid
bogomips	: 6584.98
clflush size	: 64
cache_alignment	: 64
address sizes	: 36 bits physical, 48 bits virtual
power management:

processor	: 1
vendor_id	: GenuineIntel
cpu family	: 6
model		: 42
model name	: Intel(R) Core(TM) i3-2120 CPU @ 3.30GHz
stepping	: 7
microcode	: 0x26
cpu MHz		: 3300.000
cache size	: 3072 KB
physical id	: 0
siblings	: 4
core id		: 1
cpu cores	: 2
apicid		: 2
initial apicid	: 2
fpu		: yes
fpu_exception	: yes
cpuid level	: 13
wp		: yes
flags		: fpu vme de pse tsc msr pae mce cx8 apic sep mtrr pge mca cmov pat pse36 clflush dts acpi mmx fxsr sse sse2 ss ht tm pbe syscall nx rdtscp lm constant_tsc arch_perfmon pebs bts rep_good nopl xtopology nonstop_tsc aperfmperf eagerfpu pni pclmulqdq dtes64 monitor ds_cpl vmx est tm2 ssse3 cx16 xtpr pdcm pcid sse4_1 sse4_2 popcnt tsc_deadline_timer xsave avx lahf_lm arat epb xsaveopt pln pts dtherm tpr_shadow vnmi flexpriority ept vpid
bogomips	: 6584.98
clflush size	: 64
cache_alignment	: 64
address sizes	: 36 bits physical, 48 bits virtual
power management:

processor	: 2
vendor_id	: GenuineIntel
cpu family	: 6
model		: 42
model name	: Intel(R) Core(TM) i3-2120 CPU @ 3.30GHz
stepping	: 7
microcode	: 0x26
cpu MHz		: 3300.000
cache size	: 3072 KB
physical id	: 0
siblings	: 4
core id		: 0
cpu cores	: 2
apicid		: 1
initial apicid	: 1
fpu		: yes
fpu_exception	: yes
cpuid level	: 13
wp		: yes
flags		: fpu vme de pse tsc msr pae mce cx8 apic sep mtrr pge mca cmov pat pse36 clflush dts acpi mmx fxsr sse sse2 ss ht tm pbe syscall nx rdtscp lm constant_tsc arch_perfmon pebs bts rep_good nopl xtopology nonstop_tsc aperfmperf eagerfpu pni pclmulqdq dtes64 monitor ds_cpl vmx est tm2 ssse3 cx16 xtpr pdcm pcid sse4_1 sse4_2 popcnt tsc_deadline_timer xsave avx lahf_lm arat epb xsaveopt pln pts dtherm tpr_shadow vnmi flexpriority ept vpid
bogomips	: 6584.98
clflush size	: 64
cache_alignment	: 64
address sizes	: 36 bits physical, 48 bits virtual
power management:

processor	: 3
vendor_id	: GenuineIntel
cpu family	: 6
model		: 42
model name	: Intel(R) Core(TM) i3-2120 CPU @ 3.30GHz
stepping	: 7
microcode	: 0x26
cpu MHz		: 3300.000
cache size	: 3072 KB
physical id	: 0
siblings	: 4
core id		: 1
cpu cores	: 2
apicid		: 3
initial apicid	: 3
fpu		: yes
fpu_exception	: yes
cpuid level	: 13
wp		: yes
flags		: fpu vme de pse tsc msr pae mce cx8 apic sep mtrr pge mca cmov pat pse36 clflush dts acpi mmx fxsr sse sse2 ss ht tm pbe syscall nx rdtscp lm constant_tsc arch_perfmon pebs bts rep_good nopl xtopology nonstop_tsc aperfmperf eagerfpu pni pclmulqdq dtes64 monitor ds_cpl vmx est tm2 ssse3 cx16 xtpr pdcm pcid sse4_1 sse4_2 popcnt tsc_deadline_timer xsave avx lahf_lm arat epb xsaveopt pln pts dtherm tpr_shadow vnmi flexpriority ept vpid
bogomips	: 6584.98
clflush size	: 64
cache_alignment	: 64
address sizes	: 36 bits physical, 48 bits virtual
power management:



Memory: 4k page, physical 8074892k(115448k free), swap 0k(0k free)

vm_info: Java HotSpot(TM) 64-Bit Server VM (24.75-b04) for linux-amd64 JRE (1.7.0_75-b13), built on Dec 18 2014 16:45:18 by "java_re" with gcc 4.3.0 20080428 (Red Hat 4.3.0-8)

time: Thu Dec 17 10:39:54 2015
elapsed time: 45 seconds

